#
# There is insufficient memory for the Java Runtime Environment to continue.
# Native memory allocation (malloc) failed to allocate 1048576 bytes for AllocateHeap
# Possible reasons:
#   The system is out of physical RAM or swap space
#   In 32 bit mode, the process size limit was hit
# Possible solutions:
#   Reduce memory load on the system
#   Increase physical memory or swap space
#   Check if swap backing store is full
#   Use 64 bit Java on a 64 bit OS
#   Decrease Java heap size (-Xmx/-Xms)
#   Decrease number of Java threads
#   Decrease Java thread stack sizes (-Xss)
#   Set larger code cache with -XX:ReservedCodeCacheSize=
# This output file may be truncated or incomplete.
#
#  Out of Memory Error (memory/allocation.inline.hpp:61), pid=7264, tid=7204
#
# JRE version:  (8.0_65-b17) (build )
# Java VM: Java HotSpot(TM) 64-Bit Server VM (25.65-b01 mixed mode windows-amd64 compressed oops)
# Failed to write core dump. Minidumps are not enabled by default on client versions of Windows
#

---------------  T H R E A D  ---------------

Current thread (0x0000000002221000):  JavaThread "Unknown thread" [_thread_in_vm, id=7204, stack(0x0000000002120000,0x0000000002220000)]

Stack: [0x0000000002120000,0x0000000002220000]
[error occurred during error reporting (printing stack bounds), id 0xc0000005]

Native frames: (J=compiled Java code, j=interpreted, Vv=VM code, C=native code)


---------------  P R O C E S S  ---------------

Java Threads: ( => current thread )

Other Threads:

=>0x0000000002221000 (exited) JavaThread "Unknown thread" [_thread_in_vm, id=7204, stack(0x0000000002120000,0x0000000002220000)]

VM state:not at safepoint (normal execution)

VM Mutex/Monitor currently owned by a thread: None

Heap:
 PSYoungGen      total 18944K, used 327K [0x00000000eab00000, 0x00000000ec000000, 0x0000000100000000)
  eden space 16384K, 2% used [0x00000000eab00000,0x00000000eab51ec8,0x00000000ebb00000)
  from space 2560K, 0% used [0x00000000ebd80000,0x00000000ebd80000,0x00000000ec000000)
  to   space 2560K, 0% used [0x00000000ebb00000,0x00000000ebb00000,0x00000000ebd80000)
 ParOldGen       total 44032K, used 0K [0x00000000c0000000, 0x00000000c2b00000, 0x00000000eab00000)
  object space 44032K, 0% used [0x00000000c0000000,0x00000000c0000000,0x00000000c2b00000)
 Metaspace       used 767K, capacity 4480K, committed 4480K, reserved 1056768K
  class space    used 75K, capacity 384K, committed 384K, reserved 1048576K

Card table byte_map: [0x00000000116e0000,0x00000000118f0000] byte_map_base: 0x00000000110e0000

Marking Bits: (ParMarkBitMap*) 0x000000005d91a5b0
 Begin Bits: [0x0000000011e50000, 0x0000000012e50000)
 End Bits:   [0x0000000012e50000, 0x0000000013e50000)

Polling page: 0x0000000000440000

CodeCache: size=245760Kb used=328Kb max_used=328Kb free=245431Kb
 bounds [0x0000000002320000, 0x0000000002590000, 0x0000000011320000]
 total_blobs=57 nmethods=0 adapters=37
 compilation: enabled

Compilation events (0 events):
No events

GC Heap History (0 events):
No events

Deoptimization events (0 events):
No events

Internal exceptions (0 events):
No events

Events (10 events):
Event: 0.057 loading class java/lang/Short
Event: 0.057 loading class java/lang/Short done
Event: 0.057 loading class java/lang/Integer
Event: 0.057 loading class java/lang/Integer done
Event: 0.057 loading class java/lang/Long
Event: 0.057 loading class java/lang/Long done
Event: 0.058 loading class java/lang/NullPointerException
Event: 0.058 loading class java/lang/NullPointerException done
Event: 0.058 loading class java/lang/ArithmeticException
Event: 0.058 loading class java/lang/ArithmeticException done


Dynamic libraries:
0x00007ff6ef3f0000 - 0x00007ff6ef427000 	C:\Program Files\Java\jdk1.8.0_65\bin\java.exe
0x00007ffd3ae40000 - 0x00007ffd3b001000 	C:\Windows\SYSTEM32\ntdll.dll
0x00007ffd3a890000 - 0x00007ffd3a93d000 	C:\Windows\system32\KERNEL32.DLL
0x00007ffd37540000 - 0x00007ffd37728000 	C:\Windows\system32\KERNELBASE.dll
0x00007ffd3a7e0000 - 0x00007ffd3a887000 	C:\Windows\system32\ADVAPI32.dll
0x00007ffd39970000 - 0x00007ffd39a0d000 	C:\Windows\system32\msvcrt.dll
0x00007ffd39fe0000 - 0x00007ffd3a03b000 	C:\Windows\system32\sechost.dll
0x00007ffd39cf0000 - 0x00007ffd39e0c000 	C:\Windows\system32\RPCRT4.dll
0x00007ffd3a420000 - 0x00007ffd3a576000 	C:\Windows\system32\USER32.dll
0x00007ffd39a20000 - 0x00007ffd39ba6000 	C:\Windows\system32\GDI32.dll
0x00007ffd2cc20000 - 0x00007ffd2ce94000 	C:\Windows\WinSxS\amd64_microsoft.windows.common-controls_6595b64144ccf1df_6.0.10586.0_none_8c15ae12515e1c22\COMCTL32.dll
0x00007ffd3a1a0000 - 0x00007ffd3a41d000 	C:\Windows\system32\combase.dll
0x00007ffd37730000 - 0x00007ffd3779a000 	C:\Windows\system32\bcryptPrimitives.dll
0x00007ffd39fa0000 - 0x00007ffd39fdb000 	C:\Windows\system32\IMM32.DLL
0x000000005cc90000 - 0x000000005cd62000 	C:\Program Files\Java\jdk1.8.0_65\jre\bin\msvcr100.dll
0x000000005d110000 - 0x000000005d999000 	C:\Program Files\Java\jdk1.8.0_65\jre\bin\server\jvm.dll
0x00007ffd39f90000 - 0x00007ffd39f98000 	C:\Windows\system32\PSAPI.DLL
0x00007ffd256f0000 - 0x00007ffd256f9000 	C:\Windows\SYSTEM32\WSOCK32.dll
0x00007ffd39c80000 - 0x00007ffd39ceb000 	C:\Windows\system32\WS2_32.dll
0x00007ffd35990000 - 0x00007ffd359b3000 	C:\Windows\SYSTEM32\WINMM.dll
0x00007ffd33ce0000 - 0x00007ffd33cea000 	C:\Windows\SYSTEM32\VERSION.dll
0x00007ffd35930000 - 0x00007ffd3595c000 	C:\Windows\SYSTEM32\WINMMBASE.dll
0x00007ffd374f0000 - 0x00007ffd37533000 	C:\Windows\system32\cfgmgr32.dll
0x000000005d100000 - 0x000000005d10f000 	C:\Program Files\Java\jdk1.8.0_65\jre\bin\verify.dll
0x000000005d0d0000 - 0x000000005d0f9000 	C:\Program Files\Java\jdk1.8.0_65\jre\bin\java.dll
0x000000005d0b0000 - 0x000000005d0c6000 	C:\Program Files\Java\jdk1.8.0_65\jre\bin\zip.dll

VM Arguments:
jvm_args: -Djava.awt.headless=true -Xmx1024M -Dfile.encoding=windows-1252 -Duser.country=DE -Duser.language=de -Duser.variant 
java_command: com.android.dx.command.Main --dex --force-jumbo --num-threads=4 --multi-dex --output C:\Users\Christian\StudioProjects\NameTrainer\app\build\intermediates\transforms\dex\debug\folders\1000\5\slice_1 C:\Users\Christian\StudioProjects\NameTrainer\app\build\intermediates\transforms\instantRunSlicer\debug\folders\1\5\slice_1
java_class_path (initial): C:\Users\Christian\AppData\Local\Android\sdk\build-tools\23.0.1\lib\dx.jar
Launcher Type: SUN_STANDARD

Environment Variables:
PATH=C:\Program Files (x86)\Intel\iCLS Client\;C:\Program Files\Intel\iCLS Client\;C:\ProgramData\Oracle\Java\javapath;C:\Windows\system32;C:\Windows;C:\Windows\System32\Wbem;C:\Windows\System32\WindowsPowerShell\v1.0\;C:\Program Files (x86)\Skype\Phone\;C:\Program Files (x86)\Intel\Intel(R) Management Engine Components\DAL;C:\Program Files\Intel\Intel(R) Management Engine Components\DAL;C:\Program Files (x86)\Intel\Intel(R) Management Engine Components\IPT;C:\Program Files\Intel\Intel(R) Management Engine Components\IPT
USERNAME=Christian
OS=Windows_NT
PROCESSOR_IDENTIFIER=Intel64 Family 6 Model 69 Stepping 1, GenuineIntel



---------------  S Y S T E M  ---------------

OS: Windows 10.0 , 64 bit Build 10586 (10.0.10586.0)

CPU:total 4 (2 cores per cpu, 2 threads per core) family 6 model 69 stepping 1, cmov, cx8, fxsr, mmx, sse, sse2, sse3, ssse3, sse4.1, sse4.2, popcnt, avx, avx2, aes, clmul, erms, lzcnt, ht, tsc, tscinvbit, bmi1, bmi2

Memory: 4k page, physical 4124504k(354976k free), swap 5173080k(6440k free)

vm_info: Java HotSpot(TM) 64-Bit Server VM (25.65-b01) for windows-amd64 JRE (1.8.0_65-b17), built on Oct  6 2015 16:39:20 by "java_re" with MS VC++ 10.0 (VS2010)

time: Fri Apr 08 11:29:53 2016
elapsed time: 0 seconds (0d 0h 0m 0s)

