#
# There is insufficient memory for the Java Runtime Environment to continue.
# Native memory allocation (malloc) failed to allocate 1048576 bytes for AllocateHeap
# Possible reasons:
#   The system is out of physical RAM or swap space
#   In 32 bit mode, the process size limit was hit
# Possible solutions:
#   Reduce memory load on the system
#   Increase physical memory or swap space
#   Check if swap backing store is full
#   Use 64 bit Java on a 64 bit OS
#   Decrease Java heap size (-Xmx/-Xms)
#   Decrease number of Java threads
#   Decrease Java thread stack sizes (-Xss)
#   Set larger code cache with -XX:ReservedCodeCacheSize=
# This output file may be truncated or incomplete.
#
#  Out of Memory Error (memory/allocation.inline.hpp:61), pid=6900, tid=4432
#
# JRE version:  (8.0_65-b17) (build )
# Java VM: Java HotSpot(TM) 64-Bit Server VM (25.65-b01 mixed mode windows-amd64 compressed oops)
# Failed to write core dump. Minidumps are not enabled by default on client versions of Windows
#

---------------  T H R E A D  ---------------

Current thread (0x00000000022d1000):  JavaThread "Unknown thread" [_thread_in_vm, id=4432, stack(0x00000000020d0000,0x00000000021d0000)]

Stack: [0x00000000020d0000,0x00000000021d0000]
[error occurred during error reporting (printing stack bounds), id 0xc0000005]

Native frames: (J=compiled Java code, j=interpreted, Vv=VM code, C=native code)


---------------  P R O C E S S  ---------------

Java Threads: ( => current thread )

Other Threads:

=>0x00000000022d1000 (exited) JavaThread "Unknown thread" [_thread_in_vm, id=4432, stack(0x00000000020d0000,0x00000000021d0000)]

VM state:not at safepoint (normal execution)

VM Mutex/Monitor currently owned by a thread: None

Heap:
 PSYoungGen      total 18944K, used 327K [0x00000000eab00000, 0x00000000ec000000, 0x0000000100000000)
  eden space 16384K, 2% used [0x00000000eab00000,0x00000000eab51ec8,0x00000000ebb00000)
  from space 2560K, 0% used [0x00000000ebd80000,0x00000000ebd80000,0x00000000ec000000)
  to   space 2560K, 0% used [0x00000000ebb00000,0x00000000ebb00000,0x00000000ebd80000)
 ParOldGen       total 44032K, used 0K [0x00000000c0000000, 0x00000000c2b00000, 0x00000000eab00000)
  object space 44032K, 0% used [0x00000000c0000000,0x00000000c0000000,0x00000000c2b00000)
 Metaspace       used 767K, capacity 4480K, committed 4480K, reserved 1056768K
  class space    used 75K, capacity 384K, committed 384K, reserved 1048576K

Card table byte_map: [0x0000000011790000,0x00000000119a0000] byte_map_base: 0x0000000011190000

Marking Bits: (ParMarkBitMap*) 0x0000000068c9a5b0
 Begin Bits: [0x0000000011f00000, 0x0000000012f00000)
 End Bits:   [0x0000000012f00000, 0x0000000013f00000)

Polling page: 0x0000000001e40000

CodeCache: size=245760Kb used=328Kb max_used=328Kb free=245431Kb
 bounds [0x00000000023d0000, 0x0000000002640000, 0x00000000113d0000]
 total_blobs=57 nmethods=0 adapters=37
 compilation: enabled

Compilation events (0 events):
No events

GC Heap History (0 events):
No events

Deoptimization events (0 events):
No events

Internal exceptions (0 events):
No events

Events (10 events):
Event: 0.088 loading class java/lang/Short
Event: 0.088 loading class java/lang/Short done
Event: 0.088 loading class java/lang/Integer
Event: 0.088 loading class java/lang/Integer done
Event: 0.088 loading class java/lang/Long
Event: 0.089 loading class java/lang/Long done
Event: 0.090 loading class java/lang/NullPointerException
Event: 0.090 loading class java/lang/NullPointerException done
Event: 0.091 loading class java/lang/ArithmeticException
Event: 0.091 loading class java/lang/ArithmeticException done


Dynamic libraries:
0x00007ff7a05a0000 - 0x00007ff7a05d7000 	C:\Program Files\Java\jdk1.8.0_65\bin\java.exe
0x00007fff219d0000 - 0x00007fff21b91000 	C:\Windows\SYSTEM32\ntdll.dll
0x00007fff20e70000 - 0x00007fff20f1d000 	C:\Windows\system32\KERNEL32.DLL
0x00007fff1ebe0000 - 0x00007fff1edc8000 	C:\Windows\system32\KERNELBASE.dll
0x00007fff20a10000 - 0x00007fff20ab7000 	C:\Windows\system32\ADVAPI32.dll
0x00007fff1f410000 - 0x00007fff1f4ad000 	C:\Windows\system32\msvcrt.dll
0x00007fff20da0000 - 0x00007fff20dfb000 	C:\Windows\system32\sechost.dll
0x00007fff211a0000 - 0x00007fff212bc000 	C:\Windows\system32\RPCRT4.dll
0x00007fff20c20000 - 0x00007fff20d76000 	C:\Windows\system32\USER32.dll
0x00007fff1edd0000 - 0x00007fff1ef56000 	C:\Windows\system32\GDI32.dll
0x00007fff13550000 - 0x00007fff137c4000 	C:\Windows\WinSxS\amd64_microsoft.windows.common-controls_6595b64144ccf1df_6.0.10586.0_none_8c15ae12515e1c22\COMCTL32.dll
0x00007fff20f20000 - 0x00007fff2119d000 	C:\Windows\system32\combase.dll
0x00007fff1eb70000 - 0x00007fff1ebda000 	C:\Windows\system32\bcryptPrimitives.dll
0x00007fff21490000 - 0x00007fff214cb000 	C:\Windows\system32\IMM32.DLL
0x0000000068050000 - 0x0000000068122000 	C:\Program Files\Java\jdk1.8.0_65\jre\bin\msvcr100.dll
0x0000000068490000 - 0x0000000068d19000 	C:\Program Files\Java\jdk1.8.0_65\jre\bin\server\jvm.dll
0x00007fff1f390000 - 0x00007fff1f398000 	C:\Windows\system32\PSAPI.DLL
0x00007fff1c7b0000 - 0x00007fff1c7b9000 	C:\Windows\SYSTEM32\WSOCK32.dll
0x00007fff1bff0000 - 0x00007fff1c013000 	C:\Windows\SYSTEM32\WINMM.dll
0x00007fff12420000 - 0x00007fff1242a000 	C:\Windows\SYSTEM32\VERSION.dll
0x00007fff1bf70000 - 0x00007fff1bf9c000 	C:\Windows\SYSTEM32\WINMMBASE.dll
0x00007fff1e0a0000 - 0x00007fff1e0e3000 	C:\Windows\system32\cfgmgr32.dll
0x00007fff20e00000 - 0x00007fff20e6b000 	C:\Windows\system32\WS2_32.dll
0x0000000068480000 - 0x000000006848f000 	C:\Program Files\Java\jdk1.8.0_65\jre\bin\verify.dll
0x0000000068450000 - 0x0000000068479000 	C:\Program Files\Java\jdk1.8.0_65\jre\bin\java.dll
0x0000000068430000 - 0x0000000068446000 	C:\Program Files\Java\jdk1.8.0_65\jre\bin\zip.dll

VM Arguments:
jvm_args: -Djava.awt.headless=true -Xmx1024M -Dfile.encoding=windows-1252 -Duser.country=DE -Duser.language=de -Duser.variant 
java_command: com.android.dx.command.Main --dex --force-jumbo --num-threads=4 --output C:\Users\Christian\StudioProjects\NameTrainer\app\build\intermediates\pre-dexed\debug\instant-run-bootstrap_3b9a5c551f42c5059bc8c1b9598a146863bb8b9b.jar C:\Users\Christian\StudioProjects\NameTrainer\app\build\intermediates\incremental-classes\debug\instant-run-bootstrap.jar
java_class_path (initial): C:\Users\Christian\AppData\Local\Android\sdk\build-tools\23.0.1\lib\dx.jar
Launcher Type: SUN_STANDARD

Environment Variables:
PATH=C:\Program Files (x86)\Intel\iCLS Client\;C:\Program Files\Intel\iCLS Client\;C:\ProgramData\Oracle\Java\javapath;C:\Windows\system32;C:\Windows;C:\Windows\System32\Wbem;C:\Windows\System32\WindowsPowerShell\v1.0\;C:\Program Files (x86)\Skype\Phone\;C:\Program Files (x86)\Intel\Intel(R) Management Engine Components\DAL;C:\Program Files\Intel\Intel(R) Management Engine Components\DAL;C:\Program Files (x86)\Intel\Intel(R) Management Engine Components\IPT;C:\Program Files\Intel\Intel(R) Management Engine Components\IPT
USERNAME=Christian
OS=Windows_NT
PROCESSOR_IDENTIFIER=Intel64 Family 6 Model 69 Stepping 1, GenuineIntel



---------------  S Y S T E M  ---------------

OS: Windows 10.0 , 64 bit Build 10586 (10.0.10586.0)

CPU:total 4 (2 cores per cpu, 2 threads per core) family 6 model 69 stepping 1, cmov, cx8, fxsr, mmx, sse, sse2, sse3, ssse3, sse4.1, sse4.2, popcnt, avx, avx2, aes, clmul, erms, lzcnt, ht, tsc, tscinvbit, bmi1, bmi2

Memory: 4k page, physical 4124504k(351088k free), swap 5173080k(5136k free)

vm_info: Java HotSpot(TM) 64-Bit Server VM (25.65-b01) for windows-amd64 JRE (1.8.0_65-b17), built on Oct  6 2015 16:39:20 by "java_re" with MS VC++ 10.0 (VS2010)

time: Fri Apr 08 11:10:33 2016
elapsed time: 0 seconds (0d 0h 0m 0s)

